Start testing: Apr 21 15:17 EET
----------------------------------------------------------
1/1 Testing: ConfigTests
1/1 Test: ConfigTests
Command: "/Users/mizoahmed017/downloads/RP/build_Debug/bin/test_config"
Directory: /Users/mizoahmed017/downloads/RP/build_Debug
"ConfigTests" start time: Apr 21 15:17 EET
Output:
----------------------------------------------------------
[doctest] doctest version is "2.4.11"
[doctest] run with "--help" for options
The port is 8080
===============================================================================
[doctest] test cases: 1 | 1 passed | 0 failed | 0 skipped
[doctest] assertions: 8 | 8 passed | 0 failed |
[doctest] Status: SUCCESS!
<end of output>
Test time =   0.27 sec
----------------------------------------------------------
Test Passed.
"ConfigTests" end time: Apr 21 15:17 EET
"ConfigTests" time elapsed: 00:00:00
----------------------------------------------------------

End testing: Apr 21 15:17 EET
